<?xml version="1.0" encoding="UTF-8"?>
<!-- Generated by org.testng.reporters.JUnitReportReporter -->
<testsuite hostname="ALIPL2623" failures="0" tests="2" name="TeamValidations" time="0.401" errors="0" timestamp="2023-02-08T13:58:07 IST" skipped="0">
  <testcase classname="TeamValidations" name="OneWicketKeeper" time="0.145"/>
  <system-out/>
  <testcase classname="TeamValidations" name="NumberOfForiegnPlayers" time="0.256"/>
  <system-out/>
</testsuite> <!-- TeamValidations -->
